2018-05-10 15:05:24 INFO  Selenium Log:350 - Open Operation performed for the URL : http://in1-1022872lt:9001/jda/shell/
2018-05-10 15:05:27 INFO  Selenium Log:248 - Execution Started for Test Suite : Test_Login_R
2018-05-10 15:05:27 INFO  Selenium Log:328 - The Description Column is not available
2018-05-10 15:05:27 INFO  Selenium Log:355 - Execution Started for Test Case : Login
2018-05-10 15:05:27 INFO  Selenium Log:456 - KeyWord : callexcelsheet
2018-05-10 15:05:27 INFO  Selenium Log:457 -  -- Option1 : LoginScenariosR,Login
2018-05-10 15:05:27 INFO  Selenium Log:458 -  -- Option2 : Login.System.TopWindow,en
2018-05-10 15:05:27 INFO  Selenium Log:245 - KeyWord : fillForm
2018-05-10 15:05:27 INFO  Selenium Log:246 -  -- Option1 : login\forms\loginForm.properties
2018-05-10 15:05:27 INFO  Selenium Log:247 -  -- Option2 : Login,System,TopWindow
2018-05-10 15:05:28 INFO  Selenium Log:367 - selectFrame Operation performed for the Frame : TopWindow
2018-05-10 15:05:31 INFO  Selenium Log:245 - KeyWord : click
2018-05-10 15:05:31 INFO  Selenium Log:246 -  -- Option1 : login\loginScreen:::signBtn
2018-05-10 15:05:31 INFO  Selenium Log:247 -  -- Option2 : 
2018-05-10 15:05:31 INFO  Selenium Log:452 - isElementPresent Operation Performed for the locator : //span[@class='signin']/span
2018-05-10 15:05:31 INFO  Selenium Log:452 - isElementPresent Operation Performed for the locator : //span[@class='signin']/span
2018-05-10 15:05:33 INFO  Selenium Log:569 - Execution Completed for Test Case : Login
2018-05-10 15:05:33 INFO  Selenium Log:355 - Execution Started for Test Case : PromoPOC
2018-05-10 15:05:33 INFO  Selenium Log:456 - KeyWord : callexcelsheet
2018-05-10 15:05:33 INFO  Selenium Log:457 -  -- Option1 : LoginScenariosR,PromoNavigatePOC
2018-05-10 15:05:33 INFO  Selenium Log:458 -  -- Option2 : 
2018-05-10 15:05:33 INFO  Selenium Log:245 - KeyWord : navigateToPage
2018-05-10 15:05:33 INFO  Selenium Log:246 -  -- Option1 : Resource(ViewPointResourceBundleR@Vp.CatalogListing.RSA)
2018-05-10 15:05:33 INFO  Selenium Log:247 -  -- Option2 : 
2018-05-10 15:05:36 INFO  Selenium Log:120 - Refresh Operation Performed
2018-05-10 15:05:37 INFO  Selenium Log:569 - Execution Completed for Test Case : PromoPOC
2018-05-10 15:05:37 INFO  Selenium Log:355 - Execution Started for Test Case : Logout
2018-05-10 15:05:37 INFO  Selenium Log:375 - Execution Skipped for Test Case : Logout
2018-05-10 15:05:37 INFO  Selenium Log:355 - Execution Started for Test Case : VerifyHeaderElements
2018-05-10 15:05:37 INFO  Selenium Log:375 - Execution Skipped for Test Case : VerifyHeaderElements
2018-05-10 15:05:37 INFO  Selenium Log:355 - Execution Started for Test Case : VerifyActivePromotionsElements
2018-05-10 15:05:37 INFO  Selenium Log:375 - Execution Skipped for Test Case : VerifyActivePromotionsElements
2018-05-10 15:05:37 INFO  Selenium Log:355 - Execution Started for Test Case : VerifyUpcomingPromotionElements
2018-05-10 15:05:37 INFO  Selenium Log:375 - Execution Skipped for Test Case : VerifyUpcomingPromotionElements
2018-05-10 15:05:37 INFO  Selenium Log:355 - Execution Started for Test Case : AddPromotion
2018-05-10 15:05:37 INFO  Selenium Log:375 - Execution Skipped for Test Case : AddPromotion
2018-05-10 15:05:37 INFO  Selenium Log:355 - Execution Started for Test Case : CopyPromotion
2018-05-10 15:05:37 INFO  Selenium Log:375 - Execution Skipped for Test Case : CopyPromotion
2018-05-10 15:05:37 INFO  Selenium Log:587 - Execution Completed for Test Suite : Test_Login_R
2018-05-10 15:05:37 INFO  Selenium Log:248 - Execution Started for Test Suite : Column_Level_Security
2018-05-10 15:05:37 INFO  Selenium Log:261 - Execution Skipped for Test Suite : Column_Level_Security
2018-05-10 15:05:37 INFO  Selenium Log:248 - Execution Started for Test Suite : Entity_and_Table_Security_Testing
2018-05-10 15:05:37 INFO  Selenium Log:261 - Execution Skipped for Test Suite : Entity_and_Table_Security_Testing
2018-05-10 15:05:37 INFO  Selenium Log:248 - Execution Started for Test Suite : Entity_Read_Only_TableLevel_CRUD
2018-05-10 15:05:37 INFO  Selenium Log:261 - Execution Skipped for Test Suite : Entity_Read_Only_TableLevel_CRUD
2018-05-10 15:05:37 INFO  Selenium Log:248 - Execution Started for Test Suite : Entity_Create_Only_Table_CRUD
2018-05-10 15:05:37 INFO  Selenium Log:261 - Execution Skipped for Test Suite : Entity_Create_Only_Table_CRUD
2018-05-10 15:05:37 INFO  Selenium Log:248 - Execution Started for Test Suite : Entity_Update_Only_Table_CRUD
2018-05-10 15:05:37 INFO  Selenium Log:261 - Execution Skipped for Test Suite : Entity_Update_Only_Table_CRUD
2018-05-10 15:05:37 INFO  Selenium Log:248 - Execution Started for Test Suite : Entity_Delete_Only_Table_CRUD
2018-05-10 15:05:37 INFO  Selenium Log:261 - Execution Skipped for Test Suite : Entity_Delete_Only_Table_CRUD
2018-05-10 15:05:37 INFO  Selenium Log:248 - Execution Started for Test Suite : Entity_permission_RU_Table_CRUD
2018-05-10 15:05:37 INFO  Selenium Log:261 - Execution Skipped for Test Suite : Entity_permission_RU_Table_CRUD
2018-05-10 15:05:37 INFO  Selenium Log:248 - Execution Started for Test Suite : Entity_permission_RD_Table_CRUD
2018-05-10 15:05:37 INFO  Selenium Log:261 - Execution Skipped for Test Suite : Entity_permission_RD_Table_CRUD
2018-05-10 15:05:37 INFO  Selenium Log:248 - Execution Started for Test Suite : Entity_permission_CR_Table_CRUD
2018-05-10 15:05:37 INFO  Selenium Log:261 - Execution Skipped for Test Suite : Entity_permission_CR_Table_CRUD
2018-05-10 15:05:37 INFO  Selenium Log:248 - Execution Started for Test Suite : Entity_permission_CU_Table_CRUD
2018-05-10 15:05:37 INFO  Selenium Log:261 - Execution Skipped for Test Suite : Entity_permission_CU_Table_CRUD
2018-05-10 15:05:37 INFO  Selenium Log:248 - Execution Started for Test Suite : Entity_permission_CD_Table_CRUD
2018-05-10 15:05:37 INFO  Selenium Log:261 - Execution Skipped for Test Suite : Entity_permission_CD_Table_CRUD
2018-05-10 15:05:37 INFO  Selenium Log:248 - Execution Started for Test Suite : Entity_permission_UD_Table_CRUD
2018-05-10 15:05:37 INFO  Selenium Log:261 - Execution Skipped for Test Suite : Entity_permission_UD_Table_CRUD
2018-05-10 15:05:37 INFO  Selenium Log:248 - Execution Started for Test Suite : Entity_permission_CRU_Table_CRUD
2018-05-10 15:05:37 INFO  Selenium Log:261 - Execution Skipped for Test Suite : Entity_permission_CRU_Table_CRUD
2018-05-10 15:05:37 INFO  Selenium Log:248 - Execution Started for Test Suite : Entity_permission_RUD_Table_CRUD
2018-05-10 15:05:37 INFO  Selenium Log:261 - Execution Skipped for Test Suite : Entity_permission_RUD_Table_CRUD
2018-05-10 15:05:37 INFO  Selenium Log:248 - Execution Started for Test Suite : Entity_permission_CRD_Table_CRUD
2018-05-10 15:05:37 INFO  Selenium Log:261 - Execution Skipped for Test Suite : Entity_permission_CRD_Table_CRUD
2018-05-10 15:05:37 INFO  Selenium Log:248 - Execution Started for Test Suite : Entity_full(CRUD)_Permission_Alter_Table_permissions
2018-05-10 15:05:37 INFO  Selenium Log:261 - Execution Skipped for Test Suite : Entity_full(CRUD)_Permission_Alter_Table_permissions
2018-05-10 15:05:37 INFO  Selenium Log:248 - Execution Started for Test Suite : EntityTable_Negative_combination
2018-05-10 15:05:37 INFO  Selenium Log:261 - Execution Skipped for Test Suite : EntityTable_Negative_combination
2018-05-10 15:05:37 INFO  Selenium Log:248 - Execution Started for Test Suite : Column_level_No_permissions
2018-05-10 15:05:37 INFO  Selenium Log:261 - Execution Skipped for Test Suite : Column_level_No_permissions
2018-05-10 15:05:37 INFO  Selenium Log:248 - Execution Started for Test Suite : FlexEd-One_to_One_editing
2018-05-10 15:05:37 INFO  Selenium Log:261 - Execution Skipped for Test Suite : FlexEd-One_to_One_editing
2018-05-10 15:05:37 INFO  Selenium Log:248 - Execution Started for Test Suite : Grid_Properties_Page-wrt_column_level_permissions
2018-05-10 15:05:37 INFO  Selenium Log:261 - Execution Skipped for Test Suite : Grid_Properties_Page-wrt_column_level_permissions
2018-05-10 15:05:37 INFO  Selenium Log:248 - Execution Started for Test Suite : Edit_Multiple_Page_Column_Level_Permission
2018-05-10 15:05:37 INFO  Selenium Log:261 - Execution Skipped for Test Suite : Edit_Multiple_Page_Column_Level_Permission
2018-05-10 15:05:37 INFO  Selenium Log:248 - Execution Started for Test Suite : Copy_Multiple_Page_Column_Level_Permission
2018-05-10 15:05:37 INFO  Selenium Log:261 - Execution Skipped for Test Suite : Copy_Multiple_Page_Column_Level_Permission
2018-05-10 15:05:37 INFO  Selenium Log:248 - Execution Started for Test Suite : FE_Nullable_Updatable_No_Default_Date
2018-05-10 15:05:37 INFO  Selenium Log:261 - Execution Skipped for Test Suite : FE_Nullable_Updatable_No_Default_Date
2018-05-10 15:05:37 INFO  Selenium Log:248 - Execution Started for Test Suite : FE_Nullable+Updatable+Default_Value_Date
2018-05-10 15:05:37 INFO  Selenium Log:261 - Execution Skipped for Test Suite : FE_Nullable+Updatable+Default_Value_Date
2018-05-10 15:05:37 INFO  Selenium Log:248 - Execution Started for Test Suite : FE_Nullable+NotUpdatable+Default_Value_Date
2018-05-10 15:05:37 INFO  Selenium Log:261 - Execution Skipped for Test Suite : FE_Nullable+NotUpdatable+Default_Value_Date
2018-05-10 15:05:37 INFO  Selenium Log:248 - Execution Started for Test Suite : FE_Nullable_Updatable_No_Default_Boolean
2018-05-10 15:05:37 INFO  Selenium Log:261 - Execution Skipped for Test Suite : FE_Nullable_Updatable_No_Default_Boolean
2018-05-10 15:05:37 INFO  Selenium Log:248 - Execution Started for Test Suite : FE_Nullable+Updatable+Default_Value_Boolean
2018-05-10 15:05:37 INFO  Selenium Log:261 - Execution Skipped for Test Suite : FE_Nullable+Updatable+Default_Value_Boolean
2018-05-10 15:05:37 INFO  Selenium Log:248 - Execution Started for Test Suite : FE_Nullable+NotUpdatable+Default_Value_Boolean
2018-05-10 15:05:37 INFO  Selenium Log:261 - Execution Skipped for Test Suite : FE_Nullable+NotUpdatable+Default_Value_Boolean
2018-05-10 15:05:37 INFO  Selenium Log:248 - Execution Started for Test Suite : FE_Nullable+Updatable+No_Default_Value_Option_Text
2018-05-10 15:05:37 INFO  Selenium Log:261 - Execution Skipped for Test Suite : FE_Nullable+Updatable+No_Default_Value_Option_Text
2018-05-10 15:05:37 INFO  Selenium Log:248 - Execution Started for Test Suite : FE_Nullable+Updatable+Default_Value_Option_Text
2018-05-10 15:05:37 INFO  Selenium Log:261 - Execution Skipped for Test Suite : FE_Nullable+Updatable+Default_Value_Option_Text
2018-05-10 15:05:37 INFO  Selenium Log:248 - Execution Started for Test Suite : FE_Nullable+Not+Updatable+Default_Value_Option_Text
2018-05-10 15:05:37 INFO  Selenium Log:261 - Execution Skipped for Test Suite : FE_Nullable+Not+Updatable+Default_Value_Option_Text
2018-05-10 15:05:40 INFO  Selenium Log:150 - Stop Operation Performed
2018-05-10 15:06:41 INFO  Selenium Log:350 - Open Operation performed for the URL : http://in1-1022872lt:9001/jda/shell/
2018-05-10 15:06:44 INFO  Selenium Log:248 - Execution Started for Test Suite : Test_Login_R
2018-05-10 15:06:44 INFO  Selenium Log:328 - The Description Column is not available
2018-05-10 15:06:44 INFO  Selenium Log:355 - Execution Started for Test Case : Login
2018-05-10 15:06:44 INFO  Selenium Log:456 - KeyWord : callexcelsheet
2018-05-10 15:06:44 INFO  Selenium Log:457 -  -- Option1 : LoginScenariosR,Login
2018-05-10 15:06:44 INFO  Selenium Log:458 -  -- Option2 : Login.System.TopWindow,en
2018-05-10 15:06:44 INFO  Selenium Log:245 - KeyWord : fillForm
2018-05-10 15:06:44 INFO  Selenium Log:246 -  -- Option1 : login\forms\loginForm.properties
2018-05-10 15:06:44 INFO  Selenium Log:247 -  -- Option2 : Login,System,TopWindow
2018-05-10 15:06:45 INFO  Selenium Log:367 - selectFrame Operation performed for the Frame : TopWindow
2018-05-10 15:06:48 INFO  Selenium Log:245 - KeyWord : click
2018-05-10 15:06:48 INFO  Selenium Log:246 -  -- Option1 : login\loginScreen:::signBtn
2018-05-10 15:06:48 INFO  Selenium Log:247 -  -- Option2 : 
2018-05-10 15:06:48 INFO  Selenium Log:452 - isElementPresent Operation Performed for the locator : //span[@class='signin']/span
2018-05-10 15:06:48 INFO  Selenium Log:452 - isElementPresent Operation Performed for the locator : //span[@class='signin']/span
2018-05-10 15:06:50 INFO  Selenium Log:569 - Execution Completed for Test Case : Login
2018-05-10 15:06:50 INFO  Selenium Log:355 - Execution Started for Test Case : PromoPOC
2018-05-10 15:06:50 INFO  Selenium Log:456 - KeyWord : callexcelsheet
2018-05-10 15:06:50 INFO  Selenium Log:457 -  -- Option1 : LoginScenariosR,PromoNavigatePOC
2018-05-10 15:06:50 INFO  Selenium Log:458 -  -- Option2 : 
2018-05-10 15:06:50 INFO  Selenium Log:245 - KeyWord : navigateToPage
2018-05-10 15:06:50 INFO  Selenium Log:246 -  -- Option1 : Resource(ViewPointResourceBundleR@Vp.CatalogListing.RSA)
2018-05-10 15:06:50 INFO  Selenium Log:247 -  -- Option2 : 
2018-05-10 15:06:54 INFO  Selenium Log:193 - Get Attribute Operation Performed with Locator : //span[contains(@class,'shellBannerText')] attributeName : style
2018-05-10 15:06:54 INFO  Selenium Log:452 - isElementPresent Operation Performed for the locator : //span[contains(@class,'shellBannerText')][@style]
2018-05-10 15:06:59 INFO  Selenium Log:464 - Encountered with the exception : no such element: Unable to locate element: {"method":"xpath","selector":"//span[contains(@class,'shellBannerText')][@style]"}
  (Session info: chrome=66.0.3359.139)
  (Driver info: chromedriver=2.36.540470 (e522d04694c7ebea4ba8821272dbef4f9b818c91),platform=Windows NT 10.0.16299 x86_64) (WARNING: The server did not provide any stacktrace information)
Command duration or timeout: 0 milliseconds
For documentation on this error, please visit: http://seleniumhq.org/exceptions/no_such_element.html
Build info: version: '3.11.0', revision: 'e59cfb3', time: '2018-03-11T20:33:15.31Z'
System info: host: 'IN1-1022880LT', ip: '10.104.15.48', os.name: 'Windows 10', os.arch: 'amd64', os.version: '10.0', java.version: '1.8.0_162'
Driver info: org.openqa.selenium.chrome.ChromeDriver
Capabilities {acceptInsecureCerts: false, acceptSslCerts: false, applicationCacheEnabled: false, browserConnectionEnabled: false, browserName: chrome, chrome: {chromedriverVersion: 2.36.540470 (e522d04694c7eb..., userDataDir: C:\Users\1022880\AppData\Lo...}, cssSelectorsEnabled: true, databaseEnabled: false, handlesAlerts: true, hasTouchScreen: false, javascriptEnabled: true, locationContextEnabled: true, mobileEmulationEnabled: false, nativeEvents: true, networkConnectionEnabled: false, pageLoadStrategy: normal, platform: XP, platformName: XP, rotatable: false, setWindowRect: true, takesHeapSnapshot: true, takesScreenshot: true, unexpectedAlertBehaviour: , unhandledPromptBehavior: , version: 66.0.3359.139, webStorageEnabled: true}
Session ID: e5603bd864aa7ac8a3ccb28812ae9508
*** Element info: {Using=xpath, value=//span[contains(@class,'shellBannerText')][@style]}
2018-05-10 15:06:59 INFO  Selenium Log:465 - isElementPresent Operation Failed
2018-05-10 15:06:59 INFO  Selenium Log:1392 - Disolved the Expetion isElementPresent Operation Failed
Build info: version: '3.11.0', revision: 'e59cfb3', time: '2018-03-11T20:33:15.31Z'
System info: host: 'IN1-1022880LT', ip: '10.104.15.48', os.name: 'Windows 10', os.arch: 'amd64', os.version: '10.0', java.version: '1.8.0_162'
Driver info: driver.version: unknown
2018-05-10 15:06:59 INFO  Selenium Log:245 - KeyWord : VerifyElement
2018-05-10 15:06:59 INFO  Selenium Log:246 -  -- Option1 : //*[@class="j-page-banner-title-text" and text()]
2018-05-10 15:06:59 INFO  Selenium Log:247 -  -- Option2 : 
2018-05-10 15:06:59 INFO  Selenium Log:245 - KeyWord : 
2018-05-10 15:06:59 INFO  Selenium Log:246 -  -- Option1 : 
2018-05-10 15:06:59 INFO  Selenium Log:247 -  -- Option2 : 
2018-05-10 15:06:59 INFO  Selenium Log:569 - Execution Completed for Test Case : PromoPOC
2018-05-10 15:06:59 INFO  Selenium Log:355 - Execution Started for Test Case : Logout
2018-05-10 15:06:59 INFO  Selenium Log:375 - Execution Skipped for Test Case : Logout
2018-05-10 15:06:59 INFO  Selenium Log:355 - Execution Started for Test Case : VerifyHeaderElements
2018-05-10 15:06:59 INFO  Selenium Log:375 - Execution Skipped for Test Case : VerifyHeaderElements
2018-05-10 15:06:59 INFO  Selenium Log:355 - Execution Started for Test Case : VerifyActivePromotionsElements
2018-05-10 15:06:59 INFO  Selenium Log:375 - Execution Skipped for Test Case : VerifyActivePromotionsElements
2018-05-10 15:06:59 INFO  Selenium Log:355 - Execution Started for Test Case : VerifyUpcomingPromotionElements
2018-05-10 15:06:59 INFO  Selenium Log:375 - Execution Skipped for Test Case : VerifyUpcomingPromotionElements
2018-05-10 15:07:00 INFO  Selenium Log:355 - Execution Started for Test Case : AddPromotion
2018-05-10 15:07:00 INFO  Selenium Log:375 - Execution Skipped for Test Case : AddPromotion
2018-05-10 15:07:00 INFO  Selenium Log:355 - Execution Started for Test Case : CopyPromotion
2018-05-10 15:07:00 INFO  Selenium Log:375 - Execution Skipped for Test Case : CopyPromotion
2018-05-10 15:07:00 INFO  Selenium Log:587 - Execution Completed for Test Suite : Test_Login_R
2018-05-10 15:07:00 INFO  Selenium Log:248 - Execution Started for Test Suite : Column_Level_Security
2018-05-10 15:07:00 INFO  Selenium Log:261 - Execution Skipped for Test Suite : Column_Level_Security
2018-05-10 15:07:00 INFO  Selenium Log:248 - Execution Started for Test Suite : Entity_and_Table_Security_Testing
2018-05-10 15:07:00 INFO  Selenium Log:261 - Execution Skipped for Test Suite : Entity_and_Table_Security_Testing
2018-05-10 15:07:00 INFO  Selenium Log:248 - Execution Started for Test Suite : Entity_Read_Only_TableLevel_CRUD
2018-05-10 15:07:00 INFO  Selenium Log:261 - Execution Skipped for Test Suite : Entity_Read_Only_TableLevel_CRUD
2018-05-10 15:07:00 INFO  Selenium Log:248 - Execution Started for Test Suite : Entity_Create_Only_Table_CRUD
2018-05-10 15:07:00 INFO  Selenium Log:261 - Execution Skipped for Test Suite : Entity_Create_Only_Table_CRUD
2018-05-10 15:07:00 INFO  Selenium Log:248 - Execution Started for Test Suite : Entity_Update_Only_Table_CRUD
2018-05-10 15:07:00 INFO  Selenium Log:261 - Execution Skipped for Test Suite : Entity_Update_Only_Table_CRUD
2018-05-10 15:07:00 INFO  Selenium Log:248 - Execution Started for Test Suite : Entity_Delete_Only_Table_CRUD
2018-05-10 15:07:00 INFO  Selenium Log:261 - Execution Skipped for Test Suite : Entity_Delete_Only_Table_CRUD
2018-05-10 15:07:00 INFO  Selenium Log:248 - Execution Started for Test Suite : Entity_permission_RU_Table_CRUD
2018-05-10 15:07:00 INFO  Selenium Log:261 - Execution Skipped for Test Suite : Entity_permission_RU_Table_CRUD
2018-05-10 15:07:00 INFO  Selenium Log:248 - Execution Started for Test Suite : Entity_permission_RD_Table_CRUD
2018-05-10 15:07:00 INFO  Selenium Log:261 - Execution Skipped for Test Suite : Entity_permission_RD_Table_CRUD
2018-05-10 15:07:00 INFO  Selenium Log:248 - Execution Started for Test Suite : Entity_permission_CR_Table_CRUD
2018-05-10 15:07:00 INFO  Selenium Log:261 - Execution Skipped for Test Suite : Entity_permission_CR_Table_CRUD
2018-05-10 15:07:00 INFO  Selenium Log:248 - Execution Started for Test Suite : Entity_permission_CU_Table_CRUD
2018-05-10 15:07:00 INFO  Selenium Log:261 - Execution Skipped for Test Suite : Entity_permission_CU_Table_CRUD
2018-05-10 15:07:00 INFO  Selenium Log:248 - Execution Started for Test Suite : Entity_permission_CD_Table_CRUD
2018-05-10 15:07:00 INFO  Selenium Log:261 - Execution Skipped for Test Suite : Entity_permission_CD_Table_CRUD
2018-05-10 15:07:00 INFO  Selenium Log:248 - Execution Started for Test Suite : Entity_permission_UD_Table_CRUD
2018-05-10 15:07:00 INFO  Selenium Log:261 - Execution Skipped for Test Suite : Entity_permission_UD_Table_CRUD
2018-05-10 15:07:00 INFO  Selenium Log:248 - Execution Started for Test Suite : Entity_permission_CRU_Table_CRUD
2018-05-10 15:07:00 INFO  Selenium Log:261 - Execution Skipped for Test Suite : Entity_permission_CRU_Table_CRUD
2018-05-10 15:07:00 INFO  Selenium Log:248 - Execution Started for Test Suite : Entity_permission_RUD_Table_CRUD
2018-05-10 15:07:00 INFO  Selenium Log:261 - Execution Skipped for Test Suite : Entity_permission_RUD_Table_CRUD
2018-05-10 15:07:00 INFO  Selenium Log:248 - Execution Started for Test Suite : Entity_permission_CRD_Table_CRUD
2018-05-10 15:07:00 INFO  Selenium Log:261 - Execution Skipped for Test Suite : Entity_permission_CRD_Table_CRUD
2018-05-10 15:07:00 INFO  Selenium Log:248 - Execution Started for Test Suite : Entity_full(CRUD)_Permission_Alter_Table_permissions
2018-05-10 15:07:00 INFO  Selenium Log:261 - Execution Skipped for Test Suite : Entity_full(CRUD)_Permission_Alter_Table_permissions
2018-05-10 15:07:00 INFO  Selenium Log:248 - Execution Started for Test Suite : EntityTable_Negative_combination
2018-05-10 15:07:00 INFO  Selenium Log:261 - Execution Skipped for Test Suite : EntityTable_Negative_combination
2018-05-10 15:07:00 INFO  Selenium Log:248 - Execution Started for Test Suite : Column_level_No_permissions
2018-05-10 15:07:00 INFO  Selenium Log:261 - Execution Skipped for Test Suite : Column_level_No_permissions
2018-05-10 15:07:00 INFO  Selenium Log:248 - Execution Started for Test Suite : FlexEd-One_to_One_editing
2018-05-10 15:07:00 INFO  Selenium Log:261 - Execution Skipped for Test Suite : FlexEd-One_to_One_editing
2018-05-10 15:07:00 INFO  Selenium Log:248 - Execution Started for Test Suite : Grid_Properties_Page-wrt_column_level_permissions
2018-05-10 15:07:00 INFO  Selenium Log:261 - Execution Skipped for Test Suite : Grid_Properties_Page-wrt_column_level_permissions
2018-05-10 15:07:00 INFO  Selenium Log:248 - Execution Started for Test Suite : Edit_Multiple_Page_Column_Level_Permission
2018-05-10 15:07:00 INFO  Selenium Log:261 - Execution Skipped for Test Suite : Edit_Multiple_Page_Column_Level_Permission
2018-05-10 15:07:00 INFO  Selenium Log:248 - Execution Started for Test Suite : Copy_Multiple_Page_Column_Level_Permission
2018-05-10 15:07:00 INFO  Selenium Log:261 - Execution Skipped for Test Suite : Copy_Multiple_Page_Column_Level_Permission
2018-05-10 15:07:00 INFO  Selenium Log:248 - Execution Started for Test Suite : FE_Nullable_Updatable_No_Default_Date
2018-05-10 15:07:00 INFO  Selenium Log:261 - Execution Skipped for Test Suite : FE_Nullable_Updatable_No_Default_Date
2018-05-10 15:07:00 INFO  Selenium Log:248 - Execution Started for Test Suite : FE_Nullable+Updatable+Default_Value_Date
2018-05-10 15:07:00 INFO  Selenium Log:261 - Execution Skipped for Test Suite : FE_Nullable+Updatable+Default_Value_Date
2018-05-10 15:07:00 INFO  Selenium Log:248 - Execution Started for Test Suite : FE_Nullable+NotUpdatable+Default_Value_Date
2018-05-10 15:07:00 INFO  Selenium Log:261 - Execution Skipped for Test Suite : FE_Nullable+NotUpdatable+Default_Value_Date
2018-05-10 15:07:00 INFO  Selenium Log:248 - Execution Started for Test Suite : FE_Nullable_Updatable_No_Default_Boolean
2018-05-10 15:07:00 INFO  Selenium Log:261 - Execution Skipped for Test Suite : FE_Nullable_Updatable_No_Default_Boolean
2018-05-10 15:07:00 INFO  Selenium Log:248 - Execution Started for Test Suite : FE_Nullable+Updatable+Default_Value_Boolean
2018-05-10 15:07:00 INFO  Selenium Log:261 - Execution Skipped for Test Suite : FE_Nullable+Updatable+Default_Value_Boolean
2018-05-10 15:07:00 INFO  Selenium Log:248 - Execution Started for Test Suite : FE_Nullable+NotUpdatable+Default_Value_Boolean
2018-05-10 15:07:00 INFO  Selenium Log:261 - Execution Skipped for Test Suite : FE_Nullable+NotUpdatable+Default_Value_Boolean
2018-05-10 15:07:00 INFO  Selenium Log:248 - Execution Started for Test Suite : FE_Nullable+Updatable+No_Default_Value_Option_Text
2018-05-10 15:07:00 INFO  Selenium Log:261 - Execution Skipped for Test Suite : FE_Nullable+Updatable+No_Default_Value_Option_Text
2018-05-10 15:07:00 INFO  Selenium Log:248 - Execution Started for Test Suite : FE_Nullable+Updatable+Default_Value_Option_Text
2018-05-10 15:07:00 INFO  Selenium Log:261 - Execution Skipped for Test Suite : FE_Nullable+Updatable+Default_Value_Option_Text
2018-05-10 15:07:00 INFO  Selenium Log:248 - Execution Started for Test Suite : FE_Nullable+Not+Updatable+Default_Value_Option_Text
2018-05-10 15:07:00 INFO  Selenium Log:261 - Execution Skipped for Test Suite : FE_Nullable+Not+Updatable+Default_Value_Option_Text
2018-05-10 15:07:02 INFO  Selenium Log:150 - Stop Operation Performed
2018-06-28 16:03:26 INFO  Selenium Log:350 - Open Operation performed for the URL : http://in1-1022872lt:9001/jda/shell/
2018-06-28 16:03:29 INFO  Selenium Log:248 - Execution Started for Test Suite : Test_Login_R
2018-06-28 16:03:30 INFO  Selenium Log:328 - The Description Column is not available
2018-06-28 16:03:30 INFO  Selenium Log:355 - Execution Started for Test Case : Login
2018-06-28 16:03:30 INFO  Selenium Log:456 - KeyWord : callexcelsheet
2018-06-28 16:03:30 INFO  Selenium Log:457 -  -- Option1 : LoginScenariosR,Login
2018-06-28 16:03:30 INFO  Selenium Log:458 -  -- Option2 : Login.System.TopWindow,en
2018-06-28 16:03:30 INFO  Selenium Log:245 - KeyWord : fillForm
2018-06-28 16:03:30 INFO  Selenium Log:246 -  -- Option1 : login\forms\loginForm.properties
2018-06-28 16:03:30 INFO  Selenium Log:247 -  -- Option2 : Login,System,TopWindow
2018-06-28 16:03:30 INFO  Selenium Log:367 - selectFrame Operation performed for the Frame : TopWindow
2018-06-28 16:03:43 INFO  Selenium Log:569 - Execution Completed for Test Case : Login
2018-06-28 16:03:43 INFO  Selenium Log:355 - Execution Started for Test Case : PromoPOC
2018-06-28 16:03:43 INFO  Selenium Log:456 - KeyWord : callexcelsheet
2018-06-28 16:03:43 INFO  Selenium Log:457 -  -- Option1 : LoginScenariosR,PromoNavigatePOC
2018-06-28 16:03:43 INFO  Selenium Log:458 -  -- Option2 : 
2018-06-28 16:03:43 INFO  Selenium Log:245 - KeyWord : navigateToPage
2018-06-28 16:03:43 INFO  Selenium Log:246 -  -- Option1 : Resource(ViewPointResourceBundleR@Vp.CatalogListing.RSA)
2018-06-28 16:03:43 INFO  Selenium Log:247 -  -- Option2 : 
2018-06-28 16:03:47 INFO  Selenium Log:1231 - Encountered with the exception : chrome not reachable
  (Session info: chrome=67.0.3396.87)
  (Driver info: chromedriver=2.36.540470 (e522d04694c7ebea4ba8821272dbef4f9b818c91),platform=Windows NT 10.0.16299 x86_64) (WARNING: The server did not provide any stacktrace information)
Command duration or timeout: 0 milliseconds
Build info: version: '3.11.0', revision: 'e59cfb3', time: '2018-03-11T20:33:15.31Z'
System info: host: 'IN1-1022880LT', ip: '10.104.15.86', os.name: 'Windows 10', os.arch: 'amd64', os.version: '10.0', java.version: '1.8.0_162'
Driver info: org.openqa.selenium.chrome.ChromeDriver
Capabilities {acceptInsecureCerts: false, acceptSslCerts: false, applicationCacheEnabled: false, browserConnectionEnabled: false, browserName: chrome, chrome: {chromedriverVersion: 2.36.540470 (e522d04694c7eb..., userDataDir: C:\Users\1022880\AppData\Lo...}, cssSelectorsEnabled: true, databaseEnabled: false, handlesAlerts: true, hasTouchScreen: false, javascriptEnabled: true, locationContextEnabled: true, mobileEmulationEnabled: false, nativeEvents: true, networkConnectionEnabled: false, pageLoadStrategy: normal, platform: XP, platformName: XP, rotatable: false, setWindowRect: true, takesHeapSnapshot: true, takesScreenshot: true, unexpectedAlertBehaviour: , unhandledPromptBehavior: , version: 67.0.3396.87, webStorageEnabled: true}
Session ID: ff01f73ecda8063ff9c4e576117a11b3
2018-06-28 16:03:47 INFO  Selenium Log:1232 - switchToDefaultContent Operation Failed
2018-06-28 16:03:53 INFO  Selenium Log:569 - Execution Completed for Test Case : PromoPOC
2018-06-28 16:03:53 INFO  Selenium Log:355 - Execution Started for Test Case : Logout
2018-06-28 16:03:53 INFO  Selenium Log:375 - Execution Skipped for Test Case : Logout
2018-06-28 16:03:53 INFO  Selenium Log:355 - Execution Started for Test Case : VerifyHeaderElements
2018-06-28 16:03:54 INFO  Selenium Log:375 - Execution Skipped for Test Case : VerifyHeaderElements
2018-06-28 16:03:54 INFO  Selenium Log:355 - Execution Started for Test Case : VerifyActivePromotionsElements
2018-06-28 16:03:54 INFO  Selenium Log:375 - Execution Skipped for Test Case : VerifyActivePromotionsElements
2018-06-28 16:03:54 INFO  Selenium Log:355 - Execution Started for Test Case : VerifyUpcomingPromotionElements
2018-06-28 16:03:54 INFO  Selenium Log:375 - Execution Skipped for Test Case : VerifyUpcomingPromotionElements
2018-06-28 16:03:54 INFO  Selenium Log:355 - Execution Started for Test Case : AddPromotion
2018-06-28 16:03:54 INFO  Selenium Log:375 - Execution Skipped for Test Case : AddPromotion
2018-06-28 16:03:54 INFO  Selenium Log:355 - Execution Started for Test Case : CopyPromotion
2018-06-28 16:03:54 INFO  Selenium Log:375 - Execution Skipped for Test Case : CopyPromotion
2018-06-28 16:03:54 INFO  Selenium Log:587 - Execution Completed for Test Suite : Test_Login_R
2018-06-28 16:03:54 INFO  Selenium Log:248 - Execution Started for Test Suite : Column_Level_Security
2018-06-28 16:03:54 INFO  Selenium Log:261 - Execution Skipped for Test Suite : Column_Level_Security
2018-06-28 16:03:54 INFO  Selenium Log:248 - Execution Started for Test Suite : Entity_and_Table_Security_Testing
2018-06-28 16:03:54 INFO  Selenium Log:261 - Execution Skipped for Test Suite : Entity_and_Table_Security_Testing
2018-06-28 16:03:54 INFO  Selenium Log:248 - Execution Started for Test Suite : Entity_Read_Only_TableLevel_CRUD
2018-06-28 16:03:54 INFO  Selenium Log:261 - Execution Skipped for Test Suite : Entity_Read_Only_TableLevel_CRUD
2018-06-28 16:03:54 INFO  Selenium Log:248 - Execution Started for Test Suite : Entity_Create_Only_Table_CRUD
2018-06-28 16:03:54 INFO  Selenium Log:261 - Execution Skipped for Test Suite : Entity_Create_Only_Table_CRUD
2018-06-28 16:03:54 INFO  Selenium Log:248 - Execution Started for Test Suite : Entity_Update_Only_Table_CRUD
2018-06-28 16:03:54 INFO  Selenium Log:261 - Execution Skipped for Test Suite : Entity_Update_Only_Table_CRUD
2018-06-28 16:03:54 INFO  Selenium Log:248 - Execution Started for Test Suite : Entity_Delete_Only_Table_CRUD
2018-06-28 16:03:54 INFO  Selenium Log:261 - Execution Skipped for Test Suite : Entity_Delete_Only_Table_CRUD
2018-06-28 16:03:54 INFO  Selenium Log:248 - Execution Started for Test Suite : Entity_permission_RU_Table_CRUD
2018-06-28 16:03:54 INFO  Selenium Log:261 - Execution Skipped for Test Suite : Entity_permission_RU_Table_CRUD
2018-06-28 16:03:54 INFO  Selenium Log:248 - Execution Started for Test Suite : Entity_permission_RD_Table_CRUD
2018-06-28 16:03:54 INFO  Selenium Log:261 - Execution Skipped for Test Suite : Entity_permission_RD_Table_CRUD
2018-06-28 16:03:54 INFO  Selenium Log:248 - Execution Started for Test Suite : Entity_permission_CR_Table_CRUD
2018-06-28 16:03:54 INFO  Selenium Log:261 - Execution Skipped for Test Suite : Entity_permission_CR_Table_CRUD
2018-06-28 16:03:54 INFO  Selenium Log:248 - Execution Started for Test Suite : Entity_permission_CU_Table_CRUD
2018-06-28 16:03:54 INFO  Selenium Log:261 - Execution Skipped for Test Suite : Entity_permission_CU_Table_CRUD
2018-06-28 16:03:54 INFO  Selenium Log:248 - Execution Started for Test Suite : Entity_permission_CD_Table_CRUD
2018-06-28 16:03:54 INFO  Selenium Log:261 - Execution Skipped for Test Suite : Entity_permission_CD_Table_CRUD
2018-06-28 16:03:54 INFO  Selenium Log:248 - Execution Started for Test Suite : Entity_permission_UD_Table_CRUD
2018-06-28 16:03:54 INFO  Selenium Log:261 - Execution Skipped for Test Suite : Entity_permission_UD_Table_CRUD
2018-06-28 16:03:54 INFO  Selenium Log:248 - Execution Started for Test Suite : Entity_permission_CRU_Table_CRUD
2018-06-28 16:03:54 INFO  Selenium Log:261 - Execution Skipped for Test Suite : Entity_permission_CRU_Table_CRUD
2018-06-28 16:03:54 INFO  Selenium Log:248 - Execution Started for Test Suite : Entity_permission_RUD_Table_CRUD
2018-06-28 16:03:54 INFO  Selenium Log:261 - Execution Skipped for Test Suite : Entity_permission_RUD_Table_CRUD
2018-06-28 16:03:54 INFO  Selenium Log:248 - Execution Started for Test Suite : Entity_permission_CRD_Table_CRUD
2018-06-28 16:03:54 INFO  Selenium Log:261 - Execution Skipped for Test Suite : Entity_permission_CRD_Table_CRUD
2018-06-28 16:03:54 INFO  Selenium Log:248 - Execution Started for Test Suite : Entity_full(CRUD)_Permission_Alter_Table_permissions
2018-06-28 16:03:54 INFO  Selenium Log:261 - Execution Skipped for Test Suite : Entity_full(CRUD)_Permission_Alter_Table_permissions
2018-06-28 16:03:54 INFO  Selenium Log:248 - Execution Started for Test Suite : EntityTable_Negative_combination
2018-06-28 16:03:54 INFO  Selenium Log:261 - Execution Skipped for Test Suite : EntityTable_Negative_combination
2018-06-28 16:03:54 INFO  Selenium Log:248 - Execution Started for Test Suite : Column_level_No_permissions
2018-06-28 16:03:54 INFO  Selenium Log:261 - Execution Skipped for Test Suite : Column_level_No_permissions
2018-06-28 16:03:54 INFO  Selenium Log:248 - Execution Started for Test Suite : FlexEd-One_to_One_editing
2018-06-28 16:03:54 INFO  Selenium Log:261 - Execution Skipped for Test Suite : FlexEd-One_to_One_editing
2018-06-28 16:03:54 INFO  Selenium Log:248 - Execution Started for Test Suite : Grid_Properties_Page-wrt_column_level_permissions
2018-06-28 16:03:54 INFO  Selenium Log:261 - Execution Skipped for Test Suite : Grid_Properties_Page-wrt_column_level_permissions
2018-06-28 16:03:54 INFO  Selenium Log:248 - Execution Started for Test Suite : Edit_Multiple_Page_Column_Level_Permission
2018-06-28 16:03:54 INFO  Selenium Log:261 - Execution Skipped for Test Suite : Edit_Multiple_Page_Column_Level_Permission
2018-06-28 16:03:54 INFO  Selenium Log:248 - Execution Started for Test Suite : Copy_Multiple_Page_Column_Level_Permission
2018-06-28 16:03:54 INFO  Selenium Log:261 - Execution Skipped for Test Suite : Copy_Multiple_Page_Column_Level_Permission
2018-06-28 16:03:54 INFO  Selenium Log:248 - Execution Started for Test Suite : FE_Nullable_Updatable_No_Default_Date
2018-06-28 16:03:54 INFO  Selenium Log:261 - Execution Skipped for Test Suite : FE_Nullable_Updatable_No_Default_Date
2018-06-28 16:03:54 INFO  Selenium Log:248 - Execution Started for Test Suite : FE_Nullable+Updatable+Default_Value_Date
2018-06-28 16:03:54 INFO  Selenium Log:261 - Execution Skipped for Test Suite : FE_Nullable+Updatable+Default_Value_Date
2018-06-28 16:03:54 INFO  Selenium Log:248 - Execution Started for Test Suite : FE_Nullable+NotUpdatable+Default_Value_Date
2018-06-28 16:03:54 INFO  Selenium Log:261 - Execution Skipped for Test Suite : FE_Nullable+NotUpdatable+Default_Value_Date
2018-06-28 16:03:54 INFO  Selenium Log:248 - Execution Started for Test Suite : FE_Nullable_Updatable_No_Default_Boolean
2018-06-28 16:03:54 INFO  Selenium Log:261 - Execution Skipped for Test Suite : FE_Nullable_Updatable_No_Default_Boolean
2018-06-28 16:03:54 INFO  Selenium Log:248 - Execution Started for Test Suite : FE_Nullable+Updatable+Default_Value_Boolean
2018-06-28 16:03:54 INFO  Selenium Log:261 - Execution Skipped for Test Suite : FE_Nullable+Updatable+Default_Value_Boolean
2018-06-28 16:03:54 INFO  Selenium Log:248 - Execution Started for Test Suite : FE_Nullable+NotUpdatable+Default_Value_Boolean
2018-06-28 16:03:54 INFO  Selenium Log:261 - Execution Skipped for Test Suite : FE_Nullable+NotUpdatable+Default_Value_Boolean
2018-06-28 16:03:54 INFO  Selenium Log:248 - Execution Started for Test Suite : FE_Nullable+Updatable+No_Default_Value_Option_Text
2018-06-28 16:03:54 INFO  Selenium Log:261 - Execution Skipped for Test Suite : FE_Nullable+Updatable+No_Default_Value_Option_Text
2018-06-28 16:03:54 INFO  Selenium Log:248 - Execution Started for Test Suite : FE_Nullable+Updatable+Default_Value_Option_Text
2018-06-28 16:03:54 INFO  Selenium Log:261 - Execution Skipped for Test Suite : FE_Nullable+Updatable+Default_Value_Option_Text
2018-06-28 16:03:54 INFO  Selenium Log:248 - Execution Started for Test Suite : FE_Nullable+Not+Updatable+Default_Value_Option_Text
2018-06-28 16:03:54 INFO  Selenium Log:261 - Execution Skipped for Test Suite : FE_Nullable+Not+Updatable+Default_Value_Option_Text
2018-06-28 16:03:56 INFO  Selenium Log:1019 - Encountered with the exception : chrome not reachable
  (Session info: chrome=67.0.3396.87)
  (Driver info: chromedriver=2.36.540470 (e522d04694c7ebea4ba8821272dbef4f9b818c91),platform=Windows NT 10.0.16299 x86_64) (WARNING: The server did not provide any stacktrace information)
Command duration or timeout: 0 milliseconds
Build info: version: '3.11.0', revision: 'e59cfb3', time: '2018-03-11T20:33:15.31Z'
System info: host: 'IN1-1022880LT', ip: '10.104.15.86', os.name: 'Windows 10', os.arch: 'amd64', os.version: '10.0', java.version: '1.8.0_162'
Driver info: org.openqa.selenium.chrome.ChromeDriver
Capabilities {acceptInsecureCerts: false, acceptSslCerts: false, applicationCacheEnabled: false, browserConnectionEnabled: false, browserName: chrome, chrome: {chromedriverVersion: 2.36.540470 (e522d04694c7eb..., userDataDir: C:\Users\1022880\AppData\Lo...}, cssSelectorsEnabled: true, databaseEnabled: false, handlesAlerts: true, hasTouchScreen: false, javascriptEnabled: true, locationContextEnabled: true, mobileEmulationEnabled: false, nativeEvents: true, networkConnectionEnabled: false, pageLoadStrategy: normal, platform: XP, platformName: XP, rotatable: false, setWindowRect: true, takesHeapSnapshot: true, takesScreenshot: true, unexpectedAlertBehaviour: , unhandledPromptBehavior: , version: 67.0.3396.87, webStorageEnabled: true}
Session ID: ff01f73ecda8063ff9c4e576117a11b3
2018-06-28 16:03:56 INFO  Selenium Log:1020 - close Operation Failed
2018-06-28 16:03:56 INFO  Selenium Log:614 - Error occured while closing the browser. close Operation Failed
Build info: version: '3.11.0', revision: 'e59cfb3', time: '2018-03-11T20:33:15.31Z'
System info: host: 'IN1-1022880LT', ip: '10.104.15.86', os.name: 'Windows 10', os.arch: 'amd64', os.version: '10.0', java.version: '1.8.0_162'
Driver info: driver.version: unknown
2018-06-28 16:10:12 INFO  Selenium Log:350 - Open Operation performed for the URL : http://in2npdvprm01:8301/jda/shell/home
2018-06-28 16:10:15 INFO  Selenium Log:248 - Execution Started for Test Suite : 
2018-06-28 16:19:26 INFO  Selenium Log:350 - Open Operation performed for the URL : http://in2npdvprm01:8301/jda/shell/home
2018-06-28 16:19:28 INFO  Selenium Log:248 - Execution Started for Test Suite : 
2018-06-28 16:20:21 INFO  Selenium Log:350 - Open Operation performed for the URL : http://in2npdvprm01:8301/jda/shell/home
2018-06-28 16:22:26 INFO  Selenium Log:248 - Execution Started for Test Suite : 
2018-06-28 16:22:38 INFO  Selenium Log:350 - Open Operation performed for the URL : http://in2npdvprm01:8301/jda/shell/home
2018-06-28 16:26:37 INFO  Selenium Log:350 - Open Operation performed for the URL : http://in2npdvprm01:8301/jda/shell/home
2018-06-28 16:26:38 INFO  Selenium Log:357 - Encountered with the exception : unknown error: failed to change window state to maximized, current state is normal
  (Session info: chrome=67.0.3396.87)
  (Driver info: chromedriver=2.36.540470 (e522d04694c7ebea4ba8821272dbef4f9b818c91),platform=Windows NT 10.0.16299 x86_64) (WARNING: The server did not provide any stacktrace information)
Command duration or timeout: 0 milliseconds
Build info: version: '3.11.0', revision: 'e59cfb3', time: '2018-03-11T20:33:15.31Z'
System info: host: 'IN1-1022880LT', ip: '10.104.15.86', os.name: 'Windows 10', os.arch: 'amd64', os.version: '10.0', java.version: '1.8.0_162'
Driver info: org.openqa.selenium.chrome.ChromeDriver
Capabilities {acceptInsecureCerts: false, acceptSslCerts: false, applicationCacheEnabled: false, browserConnectionEnabled: false, browserName: chrome, chrome: {chromedriverVersion: 2.36.540470 (e522d04694c7eb..., userDataDir: C:\Users\1022880\AppData\Lo...}, cssSelectorsEnabled: true, databaseEnabled: false, handlesAlerts: true, hasTouchScreen: false, javascriptEnabled: true, locationContextEnabled: true, mobileEmulationEnabled: false, nativeEvents: true, networkConnectionEnabled: false, pageLoadStrategy: normal, platform: XP, platformName: XP, rotatable: false, setWindowRect: true, takesHeapSnapshot: true, takesScreenshot: true, unexpectedAlertBehaviour: , unhandledPromptBehavior: , version: 67.0.3396.87, webStorageEnabled: true}
Session ID: aafd6063eb9484edc5f6b0a184816ef5
2018-06-28 16:26:38 INFO  Selenium Log:358 - Open Operation Failed
2018-06-28 16:26:53 INFO  Selenium Log:350 - Open Operation performed for the URL : http://in2npdvprm01:8301/jda/shell/home
2018-06-28 16:26:54 INFO  Selenium Log:357 - Encountered with the exception : unknown error: failed to change window state to maximized, current state is normal
  (Session info: chrome=67.0.3396.87)
  (Driver info: chromedriver=2.36.540470 (e522d04694c7ebea4ba8821272dbef4f9b818c91),platform=Windows NT 10.0.16299 x86_64) (WARNING: The server did not provide any stacktrace information)
Command duration or timeout: 0 milliseconds
Build info: version: '3.11.0', revision: 'e59cfb3', time: '2018-03-11T20:33:15.31Z'
System info: host: 'IN1-1022880LT', ip: '10.104.15.86', os.name: 'Windows 10', os.arch: 'amd64', os.version: '10.0', java.version: '1.8.0_162'
Driver info: org.openqa.selenium.chrome.ChromeDriver
Capabilities {acceptInsecureCerts: false, acceptSslCerts: false, applicationCacheEnabled: false, browserConnectionEnabled: false, browserName: chrome, chrome: {chromedriverVersion: 2.36.540470 (e522d04694c7eb..., userDataDir: C:\Users\1022880\AppData\Lo...}, cssSelectorsEnabled: true, databaseEnabled: false, handlesAlerts: true, hasTouchScreen: false, javascriptEnabled: true, locationContextEnabled: true, mobileEmulationEnabled: false, nativeEvents: true, networkConnectionEnabled: false, pageLoadStrategy: normal, platform: XP, platformName: XP, rotatable: false, setWindowRect: true, takesHeapSnapshot: true, takesScreenshot: true, unexpectedAlertBehaviour: , unhandledPromptBehavior: , version: 67.0.3396.87, webStorageEnabled: true}
Session ID: acc28583373162a86bb5128d658b76bc
2018-06-28 16:26:54 INFO  Selenium Log:358 - Open Operation Failed
2018-06-28 16:27:20 INFO  Selenium Log:350 - Open Operation performed for the URL : http://in2npdvprm01:8301/jda/shell/home
2018-06-28 16:27:21 INFO  Selenium Log:357 - Encountered with the exception : unknown error: failed to change window state to maximized, current state is normal
  (Session info: chrome=67.0.3396.87)
  (Driver info: chromedriver=2.36.540470 (e522d04694c7ebea4ba8821272dbef4f9b818c91),platform=Windows NT 10.0.16299 x86_64) (WARNING: The server did not provide any stacktrace information)
Command duration or timeout: 0 milliseconds
Build info: version: '3.11.0', revision: 'e59cfb3', time: '2018-03-11T20:33:15.31Z'
System info: host: 'IN1-1022880LT', ip: '10.104.15.86', os.name: 'Windows 10', os.arch: 'amd64', os.version: '10.0', java.version: '1.8.0_162'
Driver info: org.openqa.selenium.chrome.ChromeDriver
Capabilities {acceptInsecureCerts: false, acceptSslCerts: false, applicationCacheEnabled: false, browserConnectionEnabled: false, browserName: chrome, chrome: {chromedriverVersion: 2.36.540470 (e522d04694c7eb..., userDataDir: C:\Users\1022880\AppData\Lo...}, cssSelectorsEnabled: true, databaseEnabled: false, handlesAlerts: true, hasTouchScreen: false, javascriptEnabled: true, locationContextEnabled: true, mobileEmulationEnabled: false, nativeEvents: true, networkConnectionEnabled: false, pageLoadStrategy: normal, platform: XP, platformName: XP, rotatable: false, setWindowRect: true, takesHeapSnapshot: true, takesScreenshot: true, unexpectedAlertBehaviour: , unhandledPromptBehavior: , version: 67.0.3396.87, webStorageEnabled: true}
Session ID: 983e302aae9abfc2eaa28d6070560bd5
2018-06-28 16:27:21 INFO  Selenium Log:358 - Open Operation Failed
2018-06-28 16:33:09 INFO  Selenium Log:350 - Open Operation performed for the URL : http://in2npdvprm01:8301/jda/shell/home
2018-06-28 16:33:16 INFO  Selenium Log:248 - Execution Started for Test Suite : 
2018-06-28 16:33:31 INFO  Selenium Log:350 - Open Operation performed for the URL : http://in2npdvprm01:8301/jda/shell/home
2018-06-28 16:33:35 INFO  Selenium Log:248 - Execution Started for Test Suite : 
2018-06-28 16:34:06 INFO  Selenium Log:350 - Open Operation performed for the URL : http://in2npdvprm01:8301/jda/shell/home
2018-06-28 16:34:50 INFO  Selenium Log:248 - Execution Started for Test Suite : 
2018-06-28 16:36:15 INFO  Selenium Log:350 - Open Operation performed for the URL : http://in2npdvprm01:8301/jda/shell/home
2018-06-28 16:39:21 INFO  Selenium Log:248 - Execution Started for Test Suite : 
